<?xml version="1.0" encoding="UTF-8"?>
<!-- Generated by org.testng.reporters.JUnitXMLReporter -->
<testsuite hostname="PUSHU-AMMU" ignored="0" name="Test" tests="6" failures="2" timestamp="2023-05-05T16:32:46 IST" time="0.056" errors="0">
  <testcase name="tc1" time="0.007" classname="org.testng.Example"/>
  <testcase name="tc2" time="0.0" classname="org.testng.Example">
    <failure type="java.lang.ArithmeticException" message="/ by zero">
      <![CDATA[java.lang.ArithmeticException: / by zero
at java.util.ArrayList.forEach(Unknown Source)
... Removed 28 stack frames]]>
    </failure>
  </testcase> <!-- tc2 -->
  <testcase name="tc3" time="0.003" classname="org.testng.Example">
    <skipped/>
  </testcase> <!-- tc3 -->
  <testcase name="tc3" time="0.002" classname="org.testng.Example">
    <skipped/>
  </testcase> <!-- tc3 -->
  <testcase name="tc3" time="0.001" classname="org.testng.Example">
    <skipped/>
  </testcase> <!-- tc3 -->
  <testcase name="tc3" time="0.001" classname="org.testng.Example">
    <failure type="java.lang.AssertionError" message="check tc 3 expected [true] but found [false]">
      <![CDATA[java.lang.AssertionError: check tc 3 expected [true] but found [false]
at java.util.ArrayList.forEach(Unknown Source)
... Removed 31 stack frames]]>
    </failure>
  </testcase> <!-- tc3 -->
</testsuite> <!-- Test -->
